Vivado Simulator v2022.2
Copyright 1986-1999, 2001-2022 Xilinx, Inc. All Rights Reserved.
Running: C:/Xilinx/Vivado/2022.2/bin/unwrapped/win64.o/xelab.exe --incr --debug typical --relax --mt 2 --maxdelay -L xil_defaultlib -L simprims_ver -L secureip --snapshot VGA_testBench_time_synth -transport_int_delays -pulse_r 0 -pulse_int_r 0 -pulse_e 0 -pulse_int_e 0 xil_defaultlib.VGA_testBench xil_defaultlib.glbl -log elaborate.log 
Using 2 slave threads.
Starting static elaboration
Pass Through NonSizing Optimizer
Completed static elaboration
Starting simulation data flow analysis
Completed simulation data flow analysis
Time Resolution for simulation is 1ps
Compiling package std.standard
Compiling package std.textio
Compiling package ieee.std_logic_1164
Compiling package ieee.std_logic_textio
Compiling package ieee.std_logic_arith
Compiling package ieee.std_logic_unsigned
Compiling module xil_defaultlib.glbl
Compiling architecture vga_arch of entity xil_defaultlib.VGA [vga_default]
Compiling architecture behavioral of entity xil_defaultlib.Display_Hor [display_hor_default]
Compiling architecture vga_testbench_arch of entity xil_defaultlib.vga_testbench
Built simulation snapshot VGA_testBench_time_synth
